\BOOKMARK [1][-]{section.1}{Summary}{}% 1
\BOOKMARK [2][-]{subsection.1.1}{}{section.1}% 2
\BOOKMARK [2][-]{subsection.1.2}{}{section.1}% 3
\BOOKMARK [1][-]{section.2}{Technical Expertise}{}% 4
\BOOKMARK [2][-]{subsection.2.1}{}{section.2}% 5
\BOOKMARK [2][-]{subsection.2.2}{}{section.2}% 6
\BOOKMARK [1][-]{section.3}{Work Experience}{}% 7
\BOOKMARK [2][-]{subsection.3.1}{}{section.3}% 8
\BOOKMARK [2][-]{subsection.3.2}{}{section.3}% 9
\BOOKMARK [1][-]{section.4}{Education}{}% 10
\BOOKMARK [2][-]{subsection.4.1}{}{section.4}% 11
\BOOKMARK [2][-]{subsection.4.2}{}{section.4}% 12
\BOOKMARK [1][-]{section.5}{Publications}{}% 13
\BOOKMARK [2][-]{subsection.5.1}{}{section.5}% 14
\BOOKMARK [1][-]{section.6}{Patents}{}% 15
\BOOKMARK [2][-]{subsection.6.1}{}{section.6}% 16
\BOOKMARK [1][-]{section.7}{Interests}{}% 17
\BOOKMARK [2][-]{subsection.7.1}{}{section.7}% 18
\BOOKMARK [2][-]{subsection.7.2}{}{section.7}% 19
\BOOKMARK [1][-]{section.8}{References}{}% 20
\BOOKMARK [2][-]{subsection.8.1}{}{section.8}% 21
\BOOKMARK [2][-]{subsection.8.2}{}{section.8}% 22
